0 info it worked if it ends with ok
1 verbose cli [ 'node', '/usr/local/bin/npm', 'search', 'yql' ]
2 info using npm@1.1.63
3 info using node@v0.8.12
4 warn Building the local index for the first time, please be patient
5 verbose url raw /-/all
6 verbose url resolving [ 'https://registry.npmjs.org/', './-/all' ]
7 verbose url resolved https://registry.npmjs.org/-/all
8 info trying registry request attempt 1 at 23:43:04
9 http GET https://registry.npmjs.org/-/all
10 http 200 https://registry.npmjs.org/-/all
11 error Error: ENOENT, open '/Users/drg/.npm/-/all/.cache.json'
12 error If you need help, you may report this log at:
12 error     <http://github.com/isaacs/npm/issues>
12 error or email it to:
12 error     <npm-@googlegroups.com>
13 error System Darwin 11.4.2
14 error command "node" "/usr/local/bin/npm" "search" "yql"
15 error cwd /Users/drg/src/decks/2012-FOWA/assets
16 error node -v v0.8.12
17 error npm -v 1.1.63
18 error path /Users/drg/.npm/-/all/.cache.json
19 error code ENOENT
20 error errno 34
21 verbose exit [ 34, true ]
